#
# There is insufficient memory for the Java Runtime Environment to continue.
# Native memory allocation (malloc) failed to allocate 1048576 bytes. Error detail: AllocateHeap
# Possible reasons:
#   The system is out of physical RAM or swap space
#   This process is running with CompressedOops enabled, and the Java Heap may be blocking the growth of the native heap
# Possible solutions:
#   Reduce memory load on the system
#   Increase physical memory or swap space
#   Check if swap backing store is full
#   Decrease Java heap size (-Xmx/-Xms)
#   Decrease number of Java threads
#   Decrease Java thread stack sizes (-Xss)
#   Set larger code cache with -XX:ReservedCodeCacheSize=
#   JVM is running with Unscaled Compressed Oops mode in which the Java heap is
#     placed in the first 4GB address space. The Java Heap base address is the
#     maximum limit for the native heap growth. Please use -XX:HeapBaseMinAddress
#     to set the Java Heap base and to place the Java Heap above 4GB virtual address.
# This output file may be truncated or incomplete.
#
#  Out of Memory Error (allocation.cpp:44), pid=2556, tid=7048
#
# JRE version: OpenJDK Runtime Environment Temurin-21.0.10+7 (21.0.10+7) (build 21.0.10+7-LTS)
# Java VM: OpenJDK 64-Bit Server VM Temurin-21.0.10+7 (21.0.10+7-LTS, mixed mode, sharing, tiered, compressed oops, compressed class ptrs, parallel gc, windows-amd64)
# No core dump will be written. Minidumps are not enabled by default on client versions of Windows
#

---------------  S U M M A R Y ------------

Command Line: --add-modules=ALL-SYSTEM --add-opens=java.base/java.util=ALL-UNNAMED --add-opens=java.base/java.lang=ALL-UNNAMED --add-opens=java.base/sun.nio.fs=ALL-UNNAMED -Declipse.application=org.eclipse.jdt.ls.core.id1 -Dosgi.bundles.defaultStartLevel=4 -Declipse.product=org.eclipse.jdt.ls.core.product -Djava.import.generatesMetadataFilesAtProjectRoot=false -DDetectVMInstallationsJob.disabled=true -Dfile.encoding=utf8 -XX:+UseParallelGC -XX:GCTimeRatio=4 -XX:AdaptiveSizePolicyWeight=90 -Dsun.zip.disableMemoryMapping=true -Xmx2G -Xms100m -Xlog:disable -javaagent:c:\Users\guilherme\.vscode\extensions\redhat.java-1.53.0-win32-x64\lombok\lombok-1.18.39-4050.jar -XX:+HeapDumpOnOutOfMemoryError -XX:HeapDumpPath=c:\Users\guilherme\AppData\Roaming\Code\User\workspaceStorage\ccfd39b12d459b9965abcdbe49a65d68\redhat.java -Daether.dependencyCollector.impl=bf c:\Users\guilherme\.vscode\extensions\redhat.java-1.53.0-win32-x64\server\plugins\org.eclipse.equinox.launcher_1.7.100.v20251111-0406.jar -configuration c:\Users\guilherme\AppData\Roaming\Code\User\globalStorage\redhat.java\1.53.0\config_win -data c:\Users\guilherme\AppData\Roaming\Code\User\workspaceStorage\ccfd39b12d459b9965abcdbe49a65d68\redhat.java\jdt_ws --pipe=\\.\pipe\lsp-61c0119db2c95209264d47d1148a0fff-sock

Host: AMD Ryzen 7 5700U with Radeon Graphics         , 16 cores, 7G,  Windows 10 , 64 bit Build 19041 (10.0.19041.5915)
Time: Sat Mar 14 16:09:44 2026 E. South America Standard Time elapsed time: 6588.736679 seconds (0d 1h 49m 48s)

---------------  T H R E A D  ---------------

Current thread (0x0000016b2930a1a0):  JavaThread "Attach Listener" daemon [_thread_in_vm, id=7048, stack(0x0000001aee800000,0x0000001aee900000) (1024K)]

Stack: [0x0000001aee800000,0x0000001aee900000]
Native frames: (J=compiled Java code, j=interpreted, Vv=VM code, C=native code)
V  [jvm.dll+0x6d7a39]
V  [jvm.dll+0x8b4b26]
V  [jvm.dll+0x8b70de]
V  [jvm.dll+0x8b77c3]
V  [jvm.dll+0x284346]
V  [jvm.dll+0xc1277]
V  [jvm.dll+0x6d82e9]
V  [jvm.dll+0x1334a6]
V  [jvm.dll+0x3f857e]
V  [jvm.dll+0x85f59d]
V  [jvm.dll+0x6d626d]
C  [ucrtbase.dll+0x21bb2]
C  [KERNEL32.DLL+0x17374]
C  [ntdll.dll+0x4cc91]


---------------  P R O C E S S  ---------------

Threads class SMR info:
_java_thread_list=0x0000016b72f3c2c0, length=43, elements={
0x0000016b10647e60, 0x0000016b29303000, 0x0000016b29304b60, 0x0000016b29309540,
0x0000016b2930a1a0, 0x0000016b2930b690, 0x0000016b2930e100, 0x0000016b6b8e3f80,
0x0000016b6b9050e0, 0x0000016b6bb2ef40, 0x0000016b71011110, 0x0000016b7149e7a0,
0x0000016b71a8e150, 0x0000016b7192c110, 0x0000016b7192e790, 0x0000016b71dd4e70,
0x0000016b7189fdb0, 0x0000016b71e7ed90, 0x0000016b71e7fab0, 0x0000016b71e807d0,
0x0000016b71e7e070, 0x0000016b73c59c00, 0x0000016b73c54020, 0x0000016b73c546b0,
0x0000016b73c553d0, 0x0000016b73c54d40, 0x0000016b73c55a60, 0x0000016b73c5a290,
0x0000016b73c581c0, 0x0000016b73c58850, 0x0000016b73c560f0, 0x0000016b73c56780,
0x0000016b73c56e10, 0x0000016b73c574a0, 0x0000016b73c58ee0, 0x0000016b73c53300,
0x0000016b73c57b30, 0x0000016b73c5a920, 0x0000016b73c53990, 0x0000016b7450e490,
0x0000016b7450d770, 0x0000016b74510bf0, 0x0000016b740c7360
}

Java Threads: ( => current thread )
  0x0000016b10647e60 JavaThread "main"                              [_thread_blocked, id=19960, stack(0x0000001aee100000,0x0000001aee200000) (1024K)]
  0x0000016b29303000 JavaThread "Reference Handler"          daemon [_thread_blocked, id=13024, stack(0x0000001aee500000,0x0000001aee600000) (1024K)]
  0x0000016b29304b60 JavaThread "Finalizer"                  daemon [_thread_blocked, id=10796, stack(0x0000001aee600000,0x0000001aee700000) (1024K)]
  0x0000016b29309540 JavaThread "Signal Dispatcher"          daemon [_thread_blocked, id=3688, stack(0x0000001aee700000,0x0000001aee800000) (1024K)]
=>0x0000016b2930a1a0 JavaThread "Attach Listener"            daemon [_thread_in_vm, id=7048, stack(0x0000001aee800000,0x0000001aee900000) (1024K)]
  0x0000016b2930b690 JavaThread "Service Thread"             daemon [_thread_blocked, id=24856, stack(0x0000001aee900000,0x0000001aeea00000) (1024K)]
  0x0000016b2930e100 JavaThread "Monitor Deflation Thread"   daemon [_thread_blocked, id=26016, stack(0x0000001aeea00000,0x0000001aeeb00000) (1024K)]
  0x0000016b6b8e3f80 JavaThread "C2 CompilerThread0"         daemon [_thread_blocked, id=11444, stack(0x0000001aeeb00000,0x0000001aeec00000) (1024K)]
  0x0000016b6b9050e0 JavaThread "C1 CompilerThread0"         daemon [_thread_blocked, id=10968, stack(0x0000001aeec00000,0x0000001aeed00000) (1024K)]
  0x0000016b6bb2ef40 JavaThread "Common-Cleaner"             daemon [_thread_blocked, id=10344, stack(0x0000001aeef00000,0x0000001aef000000) (1024K)]
  0x0000016b71011110 JavaThread "Notification Thread"        daemon [_thread_blocked, id=24824, stack(0x0000001aef000000,0x0000001aef100000) (1024K)]
  0x0000016b7149e7a0 JavaThread "Active Thread: Equinox Container: 388dedda-0890-4b80-ab9d-d9ffb5822a8f"        [_thread_blocked, id=24636, stack(0x0000001aef800000,0x0000001aef900000) (1024K)]
  0x0000016b71a8e150 JavaThread "Refresh Thread: Equinox Container: 388dedda-0890-4b80-ab9d-d9ffb5822a8f" daemon [_thread_blocked, id=22584, stack(0x0000001aefa00000,0x0000001aefb00000) (1024K)]
  0x0000016b7192c110 JavaThread "Framework Event Dispatcher: Equinox Container: 388dedda-0890-4b80-ab9d-d9ffb5822a8f" daemon [_thread_blocked, id=26272, stack(0x0000001aefb00000,0x0000001aefc00000) (1024K)]
  0x0000016b7192e790 JavaThread "Start Level: Equinox Container: 388dedda-0890-4b80-ab9d-d9ffb5822a8f" daemon [_thread_blocked, id=13816, stack(0x0000001aefc00000,0x0000001aefd00000) (1024K)]
  0x0000016b71dd4e70 JavaThread "Bundle File Closer"         daemon [_thread_blocked, id=21656, stack(0x0000001af0000000,0x0000001af0100000) (1024K)]
  0x0000016b7189fdb0 JavaThread "SCR Component Actor"        daemon [_thread_blocked, id=20072, stack(0x0000001aef100000,0x0000001aef200000) (1024K)]
  0x0000016b71e7ed90 JavaThread "Worker-JM"                         [_thread_blocked, id=14924, stack(0x0000001af0100000,0x0000001af0200000) (1024K)]
  0x0000016b71e7fab0 JavaThread "JNA Cleaner"                daemon [_thread_blocked, id=17492, stack(0x0000001af0400000,0x0000001af0500000) (1024K)]
  0x0000016b71e807d0 JavaThread "Worker-1"                          [_thread_blocked, id=10864, stack(0x0000001af0600000,0x0000001af0700000) (1024K)]
  0x0000016b71e7e070 JavaThread "Java indexing"              daemon [_thread_blocked, id=16488, stack(0x0000001af0a00000,0x0000001af0b00000) (1024K)]
  0x0000016b73c59c00 JavaThread "Worker-5"                          [_thread_blocked, id=16292, stack(0x0000001af0d00000,0x0000001af0e00000) (1024K)]
  0x0000016b73c54020 JavaThread "Thread-1"                   daemon [_thread_in_native, id=11788, stack(0x0000001af0e00000,0x0000001af0f00000) (1024K)]
  0x0000016b73c546b0 JavaThread "Thread-2"                   daemon [_thread_in_native, id=3032, stack(0x0000001af0f00000,0x0000001af1000000) (1024K)]
  0x0000016b73c553d0 JavaThread "Thread-3"                   daemon [_thread_in_native, id=25104, stack(0x0000001af1000000,0x0000001af1100000) (1024K)]
  0x0000016b73c54d40 JavaThread "Thread-4"                   daemon [_thread_in_native, id=21848, stack(0x0000001af1100000,0x0000001af1200000) (1024K)]
  0x0000016b73c55a60 JavaThread "Thread-5"                   daemon [_thread_in_native, id=15016, stack(0x0000001af1200000,0x0000001af1300000) (1024K)]
  0x0000016b73c5a290 JavaThread "Thread-6"                   daemon [_thread_in_native, id=17628, stack(0x0000001af1300000,0x0000001af1400000) (1024K)]
  0x0000016b73c581c0 JavaThread "Thread-7"                   daemon [_thread_in_native, id=13952, stack(0x0000001af1400000,0x0000001af1500000) (1024K)]
  0x0000016b73c58850 JavaThread "Thread-8"                   daemon [_thread_in_native, id=21080, stack(0x0000001af1500000,0x0000001af1600000) (1024K)]
  0x0000016b73c560f0 JavaThread "Thread-9"                   daemon [_thread_in_native, id=17488, stack(0x0000001af1600000,0x0000001af1700000) (1024K)]
  0x0000016b73c56780 JavaThread "Thread-10"                  daemon [_thread_in_native, id=23108, stack(0x0000001af1700000,0x0000001af1800000) (1024K)]
  0x0000016b73c56e10 JavaThread "Thread-11"                  daemon [_thread_in_native, id=23368, stack(0x0000001af1800000,0x0000001af1900000) (1024K)]
  0x0000016b73c574a0 JavaThread "Thread-12"                  daemon [_thread_in_native, id=11488, stack(0x0000001af1900000,0x0000001af1a00000) (1024K)]
  0x0000016b73c58ee0 JavaThread "Thread-13"                  daemon [_thread_in_native, id=11248, stack(0x0000001af1a00000,0x0000001af1b00000) (1024K)]
  0x0000016b73c53300 JavaThread "Thread-14"                  daemon [_thread_in_native, id=21384, stack(0x0000001af1b00000,0x0000001af1c00000) (1024K)]
  0x0000016b73c57b30 JavaThread "Thread-15"                  daemon [_thread_in_native, id=22780, stack(0x0000001af1c00000,0x0000001af1d00000) (1024K)]
  0x0000016b73c5a920 JavaThread "Thread-16"                  daemon [_thread_in_native, id=15660, stack(0x0000001af1d00000,0x0000001af1e00000) (1024K)]
  0x0000016b73c53990 JavaThread "Thread-17"                  daemon [_thread_in_native, id=24392, stack(0x0000001af1e00000,0x0000001af1f00000) (1024K)]
  0x0000016b7450e490 JavaThread "pool-2-thread-1"                   [_thread_blocked, id=10096, stack(0x0000001af1f00000,0x0000001af2000000) (1024K)]
  0x0000016b7450d770 JavaThread "WorkspaceEventsHandler"            [_thread_blocked, id=2484, stack(0x0000001af2300000,0x0000001af2400000) (1024K)]
  0x0000016b74510bf0 JavaThread "pool-1-thread-1"                   [_thread_blocked, id=20788, stack(0x0000001af2400000,0x0000001af2500000) (1024K)]
  0x0000016b740c7360 JavaThread "Cleaner-0"                  daemon [_thread_blocked, id=15096, stack(0x0000001af0c00000,0x0000001af0d00000) (1024K)]
Total: 43

Other Threads:
  0x0000016b292f40d0 VMThread "VM Thread"                           [id=15136, stack(0x0000001aee400000,0x0000001aee500000) (1024K)]
  0x0000016b128c1f80 WatcherThread "VM Periodic Task Thread"        [id=26516, stack(0x0000001aee300000,0x0000001aee400000) (1024K)]
  0x0000016b12873590 WorkerThread "GC Thread#0"                     [id=25464, stack(0x0000001aee200000,0x0000001aee300000) (1024K)]
  0x0000016b71642af0 WorkerThread "GC Thread#1"                     [id=13596, stack(0x0000001aef200000,0x0000001aef300000) (1024K)]
  0x0000016b716d74d0 WorkerThread "GC Thread#2"                     [id=1988, stack(0x0000001aef300000,0x0000001aef400000) (1024K)]
  0x0000016b716d7880 WorkerThread "GC Thread#3"                     [id=20760, stack(0x0000001aef400000,0x0000001aef500000) (1024K)]
  0x0000016b714edb40 WorkerThread "GC Thread#4"                     [id=5944, stack(0x0000001aef500000,0x0000001aef600000) (1024K)]
  0x0000016b714edef0 WorkerThread "GC Thread#5"                     [id=12312, stack(0x0000001aef600000,0x0000001aef700000) (1024K)]
  0x0000016b7186e310 WorkerThread "GC Thread#6"                     [id=15704, stack(0x0000001aef700000,0x0000001aef800000) (1024K)]
  0x0000016b717d83a0 WorkerThread "GC Thread#7"                     [id=26544, stack(0x0000001aef900000,0x0000001aefa00000) (1024K)]
  0x0000016b71d3c010 WorkerThread "GC Thread#8"                     [id=18232, stack(0x0000001aefd00000,0x0000001aefe00000) (1024K)]
  0x0000016b71d3c3c0 WorkerThread "GC Thread#9"                     [id=23596, stack(0x0000001aefe00000,0x0000001aeff00000) (1024K)]
  0x0000016b71dd0fa0 WorkerThread "GC Thread#10"                    [id=6148, stack(0x0000001aeff00000,0x0000001af0000000) (1024K)]
  0x0000016b71e84c70 WorkerThread "GC Thread#11"                    [id=5044, stack(0x0000001af0200000,0x0000001af0300000) (1024K)]
  0x0000016b71e85020 WorkerThread "GC Thread#12"                    [id=22292, stack(0x0000001af0300000,0x0000001af0400000) (1024K)]
Total: 15

Threads with active compile tasks:
Total: 0

VM state: not at safepoint (normal execution)

VM Mutex/Monitor currently owned by a thread: None

Heap address: 0x0000000080000000, size: 2048 MB, Compressed Oops mode: 32-bit

CDS archive(s) mapped at: [0x0000016b2a000000-0x0000016b2aba0000-0x0000016b2aba0000), size 12189696, SharedBaseAddress: 0x0000016b2a000000, ArchiveRelocationMode: 1.
Compressed class space mapped at: 0x0000016b2b000000-0x0000016b6b000000, reserved size: 1073741824
Narrow klass base: 0x0000016b2a000000, Narrow klass shift: 0, Narrow klass range: 0x100000000

GC Precious Log:
 CardTable entry size: 512
 CPUs: 16 total, 16 available
 Memory: 7530M
 Large Page Support: Disabled
 NUMA Support: Disabled
 Compressed Oops: Enabled (32-bit)
 Alignments: Space 512K, Generation 512K, Heap 2M
 Heap Min Capacity: 100M
 Heap Initial Capacity: 100M
 Heap Max Capacity: 2G
 Pre-touch: Disabled
 Parallel Workers: 13

Heap:
 PSYoungGen      total 13824K, used 10550K [0x00000000d5580000, 0x00000000d6400000, 0x0000000100000000)
  eden space 13312K, 76% used [0x00000000d5580000,0x00000000d5f7d9d8,0x00000000d6280000)
  from space 512K, 62% used [0x00000000d6380000,0x00000000d63d0000,0x00000000d6400000)
  to   space 512K, 0% used [0x00000000d6280000,0x00000000d6280000,0x00000000d6300000)
 ParOldGen       total 180224K, used 179886K [0x0000000080000000, 0x000000008b000000, 0x00000000d5580000)
  object space 180224K, 99% used [0x0000000080000000,0x000000008afaba20,0x000000008b000000)
 Metaspace       used 75184K, committed 76736K, reserved 1179648K
  class space    used 7862K, committed 8512K, reserved 1048576K

Card table byte_map: [0x0000016b12200000,0x0000016b12610000] _byte_map_base: 0x0000016b11e00000

Marking Bits: (ParMarkBitMap*) 0x00007ffa10ef3450
 Begin Bits: [0x0000016b24d10000, 0x0000016b26d10000)
 End Bits:   [0x0000016b26d10000, 0x0000016b28d10000)

Polling page: 0x0000016b105d0000

Metaspace:

Usage:
  Non-class:     65.74 MB used.
      Class:      7.68 MB used.
       Both:     73.42 MB used.

Virtual space:
  Non-class space:      128.00 MB reserved,      66.62 MB ( 52%) committed,  2 nodes.
      Class space:        1.00 GB reserved,       8.31 MB ( <1%) committed,  1 nodes.
             Both:        1.12 GB reserved,      74.94 MB (  7%) committed. 

Chunk freelists:
   Non-Class:  12.63 MB
       Class:  7.65 MB
        Both:  20.28 MB

MaxMetaspaceSize: unlimited
CompressedClassSpaceSize: 1.00 GB
Initial GC threshold: 21.00 MB
Current GC threshold: 97.31 MB
CDS: on
 - commit_granule_bytes: 65536.
 - commit_granule_words: 8192.
 - virtual_space_node_default_size: 8388608.
 - enlarge_chunks_in_place: 1.
 - use_allocation_guard: 0.


Internal statistics:

num_allocs_failed_limit: 9.
num_arena_births: 1324.
num_arena_deaths: 16.
num_vsnodes_births: 3.
num_vsnodes_deaths: 0.
num_space_committed: 1199.
num_space_uncommitted: 0.
num_chunks_returned_to_freelist: 26.
num_chunks_taken_from_freelist: 4696.
num_chunk_merges: 9.
num_chunk_splits: 2869.
num_chunks_enlarged: 1618.
num_inconsistent_stats: 0.

CodeHeap 'non-profiled nmethods': size=119168Kb used=9235Kb max_used=9235Kb free=109932Kb
 bounds [0x0000016b1d600000, 0x0000016b1df10000, 0x0000016b24a60000]
CodeHeap 'profiled nmethods': size=119104Kb used=31993Kb max_used=31993Kb free=87110Kb
 bounds [0x0000016b15a60000, 0x0000016b179a0000, 0x0000016b1ceb0000]
CodeHeap 'non-nmethods': size=7488Kb used=1501Kb max_used=3217Kb free=5987Kb
 bounds [0x0000016b1ceb0000, 0x0000016b1d1e0000, 0x0000016b1d600000]
CodeCache: size=245760Kb, used=42729Kb, max_used=44445Kb, free=203029Kb
 total_blobs=14688, nmethods=13871, adapters=722, full_count=0
Compilation: enabled, stopped_count=0, restarted_count=0

Compilation events (20 events):
Event: 3513.752 Thread 0x0000016b6b9050e0 14647       1       org.eclipse.osgi.internal.location.BasicLocation::isReadOnly (5 bytes)
Event: 3513.756 Thread 0x0000016b6b9050e0 nmethod 14647 0x0000016b1df04290 code [0x0000016b1df04420, 0x0000016b1df044f0]
Event: 3760.834 Thread 0x0000016b6b9050e0 14648       3       java.util.concurrent.locks.AbstractQueuedSynchronizer$ConditionObject::await (202 bytes)
Event: 3760.876 Thread 0x0000016b6b9050e0 nmethod 14648 0x0000016b1799b290 code [0x0000016b1799b580, 0x0000016b1799c3b0]
Event: 3792.044 Thread 0x0000016b6b9050e0 14649       3       java.lang.ref.ReferenceQueue::await (15 bytes)
Event: 3792.053 Thread 0x0000016b6b9050e0 nmethod 14649 0x0000016b1799c990 code [0x0000016b1799cb40, 0x0000016b1799cce0]
Event: 3850.872 Thread 0x0000016b6b9050e0 14650       1       com.sun.jna.internal.Cleaner::access$200 (5 bytes)
Event: 3850.882 Thread 0x0000016b6b9050e0 nmethod 14650 0x0000016b1df04590 code [0x0000016b1df04720, 0x0000016b1df047d0]
Event: 3853.477 Thread 0x0000016b6b9050e0 14651       3       org.eclipse.jdt.ls.core.internal.ParentProcessWatcher::parentProcessStillRunning (62 bytes)
Event: 3853.496 Thread 0x0000016b6b9050e0 nmethod 14651 0x0000016b1799ce10 code [0x0000016b1799d040, 0x0000016b1799d728]
Event: 3906.646 Thread 0x0000016b6b9050e0 14652       1       org.eclipse.core.internal.jobs.InternalJob::getProgressMonitor (5 bytes)
Event: 3906.652 Thread 0x0000016b6b9050e0 nmethod 14652 0x0000016b1df04890 code [0x0000016b1df04a20, 0x0000016b1df04ae8]
Event: 3906.676 Thread 0x0000016b6b9050e0 14653       3       org.eclipse.core.internal.jobs.InternalJob::isAboutToRunCanceled (15 bytes)
Event: 3906.677 Thread 0x0000016b6b9050e0 nmethod 14653 0x0000016b1799d990 code [0x0000016b1799db40, 0x0000016b1799dcb8]
Event: 5284.619 Thread 0x0000016b6b8e3f80 14654       4       java.util.concurrent.locks.AbstractQueuedSynchronizer$Node::setStatusRelaxed (12 bytes)
Event: 5284.632 Thread 0x0000016b6b8e3f80 nmethod 14654 0x0000016b1df04b90 code [0x0000016b1df04d20, 0x0000016b1df04db0]
Event: 6295.897 Thread 0x0000016b6b9050e0 14655   !   3       java.util.logging.LogManager::getUserContext (118 bytes)
Event: 6295.919 Thread 0x0000016b6b9050e0 nmethod 14655 0x0000016b1799dd90 code [0x0000016b1799df40, 0x0000016b1799e1b0]
Event: 6295.919 Thread 0x0000016b6b9050e0 14656       3       jdk.internal.access.SharedSecrets::getJavaAWTAccess (4 bytes)
Event: 6295.919 Thread 0x0000016b6b9050e0 nmethod 14656 0x0000016b1799e310 code [0x0000016b1799e4a0, 0x0000016b1799e598]

GC Heap History (20 events):
Event: 186.083 GC heap before
{Heap before GC invocations=68 (full 3):
 PSYoungGen      total 14848K, used 14436K [0x00000000d5580000, 0x00000000d6680000, 0x0000000100000000)
  eden space 13312K, 100% used [0x00000000d5580000,0x00000000d6280000,0x00000000d6280000)
  from space 1536K, 73% used [0x00000000d6500000,0x00000000d6619058,0x00000000d6680000)
  to   space 1536K, 0% used [0x00000000d6380000,0x00000000d6380000,0x00000000d6500000)
 ParOldGen       total 154624K, used 150659K [0x0000000080000000, 0x0000000089700000, 0x00000000d5580000)
  object space 154624K, 97% used [0x0000000080000000,0x0000000089320fb0,0x0000000089700000)
 Metaspace       used 68798K, committed 70336K, reserved 1114112K
  class space    used 7314K, committed 7936K, reserved 1048576K
}
Event: 186.085 GC heap after
{Heap after GC invocations=68 (full 3):
 PSYoungGen      total 13824K, used 288K [0x00000000d5580000, 0x00000000d6580000, 0x0000000100000000)
  eden space 13312K, 0% used [0x00000000d5580000,0x00000000d5580000,0x00000000d6280000)
  from space 512K, 56% used [0x00000000d6380000,0x00000000d63c8000,0x00000000d6400000)
  to   space 1024K, 0% used [0x00000000d6480000,0x00000000d6480000,0x00000000d6580000)
 ParOldGen       total 154624K, used 151591K [0x0000000080000000, 0x0000000089700000, 0x00000000d5580000)
  object space 154624K, 98% used [0x0000000080000000,0x0000000089409fa8,0x0000000089700000)
 Metaspace       used 68798K, committed 70336K, reserved 1114112K
  class space    used 7314K, committed 7936K, reserved 1048576K
}
Event: 207.819 GC heap before
{Heap before GC invocations=69 (full 3):
 PSYoungGen      total 13824K, used 13589K [0x00000000d5580000, 0x00000000d6580000, 0x0000000100000000)
  eden space 13312K, 99% used [0x00000000d5580000,0x00000000d627d600,0x00000000d6280000)
  from space 512K, 56% used [0x00000000d6380000,0x00000000d63c8000,0x00000000d6400000)
  to   space 1024K, 0% used [0x00000000d6480000,0x00000000d6480000,0x00000000d6580000)
 ParOldGen       total 178176K, used 174631K [0x0000000080000000, 0x000000008ae00000, 0x00000000d5580000)
  object space 178176K, 98% used [0x0000000080000000,0x000000008aa89fc8,0x000000008ae00000)
 Metaspace       used 68978K, committed 70592K, reserved 1114112K
  class space    used 7327K, committed 8000K, reserved 1048576K
}
Event: 207.821 GC heap after
{Heap after GC invocations=69 (full 3):
 PSYoungGen      total 13824K, used 384K [0x00000000d5580000, 0x00000000d6500000, 0x0000000100000000)
  eden space 13312K, 0% used [0x00000000d5580000,0x00000000d5580000,0x00000000d6280000)
  from space 512K, 75% used [0x00000000d6480000,0x00000000d64e0318,0x00000000d6500000)
  to   space 512K, 0% used [0x00000000d6380000,0x00000000d6380000,0x00000000d6400000)
 ParOldGen       total 178176K, used 174711K [0x0000000080000000, 0x000000008ae00000, 0x00000000d5580000)
  object space 178176K, 98% used [0x0000000080000000,0x000000008aa9dfc8,0x000000008ae00000)
 Metaspace       used 68978K, committed 70592K, reserved 1114112K
  class space    used 7327K, committed 8000K, reserved 1048576K
}
Event: 326.180 GC heap before
{Heap before GC invocations=70 (full 3):
 PSYoungGen      total 13824K, used 13696K [0x00000000d5580000, 0x00000000d6500000, 0x0000000100000000)
  eden space 13312K, 100% used [0x00000000d5580000,0x00000000d6280000,0x00000000d6280000)
  from space 512K, 75% used [0x00000000d6480000,0x00000000d64e0318,0x00000000d6500000)
  to   space 512K, 0% used [0x00000000d6380000,0x00000000d6380000,0x00000000d6400000)
 ParOldGen       total 178176K, used 174711K [0x0000000080000000, 0x000000008ae00000, 0x00000000d5580000)
  object space 178176K, 98% used [0x0000000080000000,0x000000008aa9dfc8,0x000000008ae00000)
 Metaspace       used 69689K, committed 71232K, reserved 1114112K
  class space    used 7398K, committed 8064K, reserved 1048576K
}
Event: 326.215 GC heap after
{Heap after GC invocations=70 (full 3):
 PSYoungGen      total 13824K, used 352K [0x00000000d5580000, 0x00000000d6500000, 0x0000000100000000)
  eden space 13312K, 0% used [0x00000000d5580000,0x00000000d5580000,0x00000000d6280000)
  from space 512K, 68% used [0x00000000d6380000,0x00000000d63d8000,0x00000000d6400000)
  to   space 512K, 0% used [0x00000000d6480000,0x00000000d6480000,0x00000000d6500000)
 ParOldGen       total 178176K, used 174823K [0x0000000080000000, 0x000000008ae00000, 0x00000000d5580000)
  object space 178176K, 98% used [0x0000000080000000,0x000000008aab9fc8,0x000000008ae00000)
 Metaspace       used 69689K, committed 71232K, reserved 1114112K
  class space    used 7398K, committed 8064K, reserved 1048576K
}
Event: 408.258 GC heap before
{Heap before GC invocations=71 (full 3):
 PSYoungGen      total 13824K, used 13664K [0x00000000d5580000, 0x00000000d6500000, 0x0000000100000000)
  eden space 13312K, 100% used [0x00000000d5580000,0x00000000d6280000,0x00000000d6280000)
  from space 512K, 68% used [0x00000000d6380000,0x00000000d63d8000,0x00000000d6400000)
  to   space 512K, 0% used [0x00000000d6480000,0x00000000d6480000,0x00000000d6500000)
 ParOldGen       total 178176K, used 174823K [0x0000000080000000, 0x000000008ae00000, 0x00000000d5580000)
  object space 178176K, 98% used [0x0000000080000000,0x000000008aab9fc8,0x000000008ae00000)
 Metaspace       used 70694K, committed 72256K, reserved 1114112K
  class space    used 7503K, committed 8128K, reserved 1048576K
}
Event: 408.265 GC heap after
{Heap after GC invocations=71 (full 3):
 PSYoungGen      total 13824K, used 496K [0x00000000d5580000, 0x00000000d6580000, 0x0000000100000000)
  eden space 13312K, 0% used [0x00000000d5580000,0x00000000d5580000,0x00000000d6280000)
  from space 512K, 96% used [0x00000000d6480000,0x00000000d64fc030,0x00000000d6500000)
  to   space 1536K, 0% used [0x00000000d6280000,0x00000000d6280000,0x00000000d6400000)
 ParOldGen       total 178176K, used 175299K [0x0000000080000000, 0x000000008ae00000, 0x00000000d5580000)
  object space 178176K, 98% used [0x0000000080000000,0x000000008ab30ca8,0x000000008ae00000)
 Metaspace       used 70694K, committed 72256K, reserved 1114112K
  class space    used 7503K, committed 8128K, reserved 1048576K
}
Event: 408.734 GC heap before
{Heap before GC invocations=72 (full 3):
 PSYoungGen      total 13824K, used 13808K [0x00000000d5580000, 0x00000000d6580000, 0x0000000100000000)
  eden space 13312K, 100% used [0x00000000d5580000,0x00000000d6280000,0x00000000d6280000)
  from space 512K, 96% used [0x00000000d6480000,0x00000000d64fc030,0x00000000d6500000)
  to   space 1536K, 0% used [0x00000000d6280000,0x00000000d6280000,0x00000000d6400000)
 ParOldGen       total 178176K, used 175299K [0x0000000080000000, 0x000000008ae00000, 0x00000000d5580000)
  object space 178176K, 98% used [0x0000000080000000,0x000000008ab30ca8,0x000000008ae00000)
 Metaspace       used 72446K, committed 73984K, reserved 1179648K
  class space    used 7676K, committed 8320K, reserved 1048576K
}
Event: 408.738 GC heap after
{Heap after GC invocations=72 (full 3):
 PSYoungGen      total 14848K, used 1508K [0x00000000d5580000, 0x00000000d6780000, 0x0000000100000000)
  eden space 13312K, 0% used [0x00000000d5580000,0x00000000d5580000,0x00000000d6280000)
  from space 1536K, 98% used [0x00000000d6280000,0x00000000d63f9298,0x00000000d6400000)
  to   space 2560K, 0% used [0x00000000d6500000,0x00000000d6500000,0x00000000d6780000)
 ParOldGen       total 178176K, used 175773K [0x0000000080000000, 0x000000008ae00000, 0x00000000d5580000)
  object space 178176K, 98% used [0x0000000080000000,0x000000008aba7750,0x000000008ae00000)
 Metaspace       used 72446K, committed 73984K, reserved 1179648K
  class space    used 7676K, committed 8320K, reserved 1048576K
}
Event: 409.008 GC heap before
{Heap before GC invocations=73 (full 3):
 PSYoungGen      total 14848K, used 14820K [0x00000000d5580000, 0x00000000d6780000, 0x0000000100000000)
  eden space 13312K, 100% used [0x00000000d5580000,0x00000000d6280000,0x00000000d6280000)
  from space 1536K, 98% used [0x00000000d6280000,0x00000000d63f9298,0x00000000d6400000)
  to   space 2560K, 0% used [0x00000000d6500000,0x00000000d6500000,0x00000000d6780000)
 ParOldGen       total 178176K, used 175773K [0x0000000080000000, 0x000000008ae00000, 0x00000000d5580000)
  object space 178176K, 98% used [0x0000000080000000,0x000000008aba7750,0x000000008ae00000)
 Metaspace       used 73463K, committed 75072K, reserved 1179648K
  class space    used 7765K, committed 8448K, reserved 1048576K
}
Event: 409.014 GC heap after
{Heap after GC invocations=73 (full 3):
 PSYoungGen      total 15872K, used 2293K [0x00000000d5580000, 0x00000000d6780000, 0x0000000100000000)
  eden space 13312K, 0% used [0x00000000d5580000,0x00000000d5580000,0x00000000d6280000)
  from space 2560K, 89% used [0x00000000d6500000,0x00000000d673d708,0x00000000d6780000)
  to   space 2560K, 0% used [0x00000000d6280000,0x00000000d6280000,0x00000000d6500000)
 ParOldGen       total 178176K, used 176933K [0x0000000080000000, 0x000000008ae00000, 0x00000000d5580000)
  object space 178176K, 99% used [0x0000000080000000,0x000000008acc9780,0x000000008ae00000)
 Metaspace       used 73463K, committed 75072K, reserved 1179648K
  class space    used 7765K, committed 8448K, reserved 1048576K
}
Event: 410.050 GC heap before
{Heap before GC invocations=74 (full 3):
 PSYoungGen      total 15872K, used 15605K [0x00000000d5580000, 0x00000000d6780000, 0x0000000100000000)
  eden space 13312K, 100% used [0x00000000d5580000,0x00000000d6280000,0x00000000d6280000)
  from space 2560K, 89% used [0x00000000d6500000,0x00000000d673d708,0x00000000d6780000)
  to   space 2560K, 0% used [0x00000000d6280000,0x00000000d6280000,0x00000000d6500000)
 ParOldGen       total 178176K, used 176933K [0x0000000080000000, 0x000000008ae00000, 0x00000000d5580000)
  object space 178176K, 99% used [0x0000000080000000,0x000000008acc9780,0x000000008ae00000)
 Metaspace       used 74082K, committed 75712K, reserved 1179648K
  class space    used 7798K, committed 8448K, reserved 1048576K
}
Event: 410.055 GC heap after
{Heap after GC invocations=74 (full 3):
 PSYoungGen      total 14848K, used 1056K [0x00000000d5580000, 0x00000000d6580000, 0x0000000100000000)
  eden space 13312K, 0% used [0x00000000d5580000,0x00000000d5580000,0x00000000d6280000)
  from space 1536K, 68% used [0x00000000d6280000,0x00000000d6388020,0x00000000d6400000)
  to   space 1536K, 0% used [0x00000000d6400000,0x00000000d6400000,0x00000000d6580000)
 ParOldGen       total 178688K, used 178183K [0x0000000080000000, 0x000000008ae80000, 0x00000000d5580000)
  object space 178688K, 99% used [0x0000000080000000,0x000000008ae01ef0,0x000000008ae80000)
 Metaspace       used 74082K, committed 75712K, reserved 1179648K
  class space    used 7798K, committed 8448K, reserved 1048576K
}
Event: 412.168 GC heap before
{Heap before GC invocations=75 (full 3):
 PSYoungGen      total 14848K, used 14356K [0x00000000d5580000, 0x00000000d6580000, 0x0000000100000000)
  eden space 13312K, 99% used [0x00000000d5580000,0x00000000d627d100,0x00000000d6280000)
  from space 1536K, 68% used [0x00000000d6280000,0x00000000d6388020,0x00000000d6400000)
  to   space 1536K, 0% used [0x00000000d6400000,0x00000000d6400000,0x00000000d6580000)
 ParOldGen       total 178688K, used 178183K [0x0000000080000000, 0x000000008ae80000, 0x00000000d5580000)
  object space 178688K, 99% used [0x0000000080000000,0x000000008ae01ef0,0x000000008ae80000)
 Metaspace       used 74482K, committed 76032K, reserved 1179648K
  class space    used 7804K, committed 8448K, reserved 1048576K
}
Event: 412.172 GC heap after
{Heap after GC invocations=75 (full 3):
 PSYoungGen      total 14848K, used 1056K [0x00000000d5580000, 0x00000000d6580000, 0x0000000100000000)
  eden space 13312K, 0% used [0x00000000d5580000,0x00000000d5580000,0x00000000d6280000)
  from space 1536K, 68% used [0x00000000d6400000,0x00000000d6508020,0x00000000d6580000)
  to   space 1536K, 0% used [0x00000000d6280000,0x00000000d6280000,0x00000000d6400000)
 ParOldGen       total 179200K, used 178977K [0x0000000080000000, 0x000000008af00000, 0x00000000d5580000)
  object space 179200K, 99% used [0x0000000080000000,0x000000008aec8560,0x000000008af00000)
 Metaspace       used 74482K, committed 76032K, reserved 1179648K
  class space    used 7804K, committed 8448K, reserved 1048576K
}
Event: 731.859 GC heap before
{Heap before GC invocations=76 (full 3):
 PSYoungGen      total 14848K, used 14368K [0x00000000d5580000, 0x00000000d6580000, 0x0000000100000000)
  eden space 13312K, 100% used [0x00000000d5580000,0x00000000d6280000,0x00000000d6280000)
  from space 1536K, 68% used [0x00000000d6400000,0x00000000d6508020,0x00000000d6580000)
  to   space 1536K, 0% used [0x00000000d6280000,0x00000000d6280000,0x00000000d6400000)
 ParOldGen       total 179200K, used 178977K [0x0000000080000000, 0x000000008af00000, 0x00000000d5580000)
  object space 179200K, 99% used [0x0000000080000000,0x000000008aec8560,0x000000008af00000)
 Metaspace       used 74993K, committed 76608K, reserved 1179648K
  class space    used 7861K, committed 8512K, reserved 1048576K
}
Event: 731.952 GC heap after
{Heap after GC invocations=76 (full 3):
 PSYoungGen      total 13824K, used 416K [0x00000000d5580000, 0x00000000d6480000, 0x0000000100000000)
  eden space 13312K, 0% used [0x00000000d5580000,0x00000000d5580000,0x00000000d6280000)
  from space 512K, 81% used [0x00000000d6280000,0x00000000d62e8000,0x00000000d6300000)
  to   space 1024K, 0% used [0x00000000d6380000,0x00000000d6380000,0x00000000d6480000)
 ParOldGen       total 180224K, used 179750K [0x0000000080000000, 0x000000008b000000, 0x00000000d5580000)
  object space 180224K, 99% used [0x0000000080000000,0x000000008af89a20,0x000000008b000000)
 Metaspace       used 74993K, committed 76608K, reserved 1179648K
  class space    used 7861K, committed 8512K, reserved 1048576K
}
Event: 742.628 GC heap before
{Heap before GC invocations=77 (full 3):
 PSYoungGen      total 13824K, used 13728K [0x00000000d5580000, 0x00000000d6480000, 0x0000000100000000)
  eden space 13312K, 100% used [0x00000000d5580000,0x00000000d6280000,0x00000000d6280000)
  from space 512K, 81% used [0x00000000d6280000,0x00000000d62e8000,0x00000000d6300000)
  to   space 1024K, 0% used [0x00000000d6380000,0x00000000d6380000,0x00000000d6480000)
 ParOldGen       total 180224K, used 179750K [0x0000000080000000, 0x000000008b000000, 0x00000000d5580000)
  object space 180224K, 99% used [0x0000000080000000,0x000000008af89a20,0x000000008b000000)
 Metaspace       used 75085K, committed 76672K, reserved 1179648K
  class space    used 7862K, committed 8512K, reserved 1048576K
}
Event: 742.632 GC heap after
{Heap after GC invocations=77 (full 3):
 PSYoungGen      total 13824K, used 320K [0x00000000d5580000, 0x00000000d6400000, 0x0000000100000000)
  eden space 13312K, 0% used [0x00000000d5580000,0x00000000d5580000,0x00000000d6280000)
  from space 512K, 62% used [0x00000000d6380000,0x00000000d63d0000,0x00000000d6400000)
  to   space 512K, 0% used [0x00000000d6280000,0x00000000d6280000,0x00000000d6300000)
 ParOldGen       total 180224K, used 179886K [0x0000000080000000, 0x000000008b000000, 0x00000000d5580000)
  object space 180224K, 99% used [0x0000000080000000,0x000000008afaba20,0x000000008b000000)
 Metaspace       used 75085K, committed 76672K, reserved 1179648K
  class space    used 7862K, committed 8512K, reserved 1048576K
}

Dll operation events (12 events):
Event: 0.017 Loaded shared library c:\Users\guilherme\.vscode\extensions\redhat.java-1.53.0-win32-x64\jre\21.0.10-win32-x86_64\bin\java.dll
Event: 0.173 Loaded shared library c:\Users\guilherme\.vscode\extensions\redhat.java-1.53.0-win32-x64\jre\21.0.10-win32-x86_64\bin\zip.dll
Event: 0.214 Loaded shared library C:\Users\guilherme\.vscode\extensions\redhat.java-1.53.0-win32-x64\jre\21.0.10-win32-x86_64\bin\instrument.dll
Event: 0.223 Loaded shared library C:\Users\guilherme\.vscode\extensions\redhat.java-1.53.0-win32-x64\jre\21.0.10-win32-x86_64\bin\net.dll
Event: 0.229 Loaded shared library C:\Users\guilherme\.vscode\extensions\redhat.java-1.53.0-win32-x64\jre\21.0.10-win32-x86_64\bin\nio.dll
Event: 0.240 Loaded shared library C:\Users\guilherme\.vscode\extensions\redhat.java-1.53.0-win32-x64\jre\21.0.10-win32-x86_64\bin\zip.dll
Event: 0.279 Loaded shared library C:\Users\guilherme\.vscode\extensions\redhat.java-1.53.0-win32-x64\jre\21.0.10-win32-x86_64\bin\jimage.dll
Event: 0.496 Loaded shared library c:\Users\guilherme\.vscode\extensions\redhat.java-1.53.0-win32-x64\jre\21.0.10-win32-x86_64\bin\verify.dll
Event: 3.156 Loaded shared library C:\Users\guilherme\AppData\Roaming\Code\User\globalStorage\redhat.java\1.53.0\config_win\org.eclipse.equinox.launcher\org.eclipse.equinox.launcher.win32.win32.x86_64_1.3.0.v20260203-2149\eclipse_11919.dll
Event: 6.107 Loaded shared library C:\Users\guilherme\AppData\Local\Temp\jna--1844114564\jna1297828516886207749.dll
Event: 10.452 Loaded shared library C:\Users\guilherme\.vscode\extensions\redhat.java-1.53.0-win32-x64\jre\21.0.10-win32-x86_64\bin\sunmscapi.dll
Event: 10.629 Loaded shared library C:\Users\guilherme\.vscode\extensions\redhat.java-1.53.0-win32-x64\jre\21.0.10-win32-x86_64\bin\extnet.dll

Deoptimization events (20 events):
Event: 741.621 Thread 0x0000016b73c59c00 DEOPT PACKING pc=0x0000016b177d3043 sp=0x0000001af0dfd7f0
Event: 741.621 Thread 0x0000016b73c59c00 DEOPT UNPACKING pc=0x0000016b1cf04242 sp=0x0000001af0dfcd00 mode 0
Event: 741.623 Thread 0x0000016b73c59c00 DEOPT PACKING pc=0x0000016b177d3022 sp=0x0000001af0dfd7f0
Event: 741.623 Thread 0x0000016b73c59c00 DEOPT UNPACKING pc=0x0000016b1cf04242 sp=0x0000001af0dfcd00 mode 0
Event: 741.708 Thread 0x0000016b73c59c00 Uncommon trap: trap_request=0xffffffd6 fr.pc=0x0000016b1dee7068 relative=0x0000000000000408
Event: 741.708 Thread 0x0000016b73c59c00 Uncommon trap: reason=array_check action=maybe_recompile pc=0x0000016b1dee7068 method=java.util.TimSort.reverseRange([Ljava/lang/Object;II)V @ 20 c2
Event: 741.708 Thread 0x0000016b73c59c00 DEOPT PACKING pc=0x0000016b1dee7068 sp=0x0000001af0dfe630
Event: 741.708 Thread 0x0000016b73c59c00 DEOPT UNPACKING pc=0x0000016b1cf03aa2 sp=0x0000001af0dfe540 mode 2
Event: 741.709 Thread 0x0000016b73c59c00 Uncommon trap: trap_request=0xffffffd6 fr.pc=0x0000016b1dee7068 relative=0x0000000000000408
Event: 741.709 Thread 0x0000016b73c59c00 Uncommon trap: reason=array_check action=maybe_recompile pc=0x0000016b1dee7068 method=java.util.TimSort.reverseRange([Ljava/lang/Object;II)V @ 20 c2
Event: 741.709 Thread 0x0000016b73c59c00 DEOPT PACKING pc=0x0000016b1dee7068 sp=0x0000001af0dfe4d0
Event: 741.709 Thread 0x0000016b73c59c00 DEOPT UNPACKING pc=0x0000016b1cf03aa2 sp=0x0000001af0dfe3e0 mode 2
Event: 741.710 Thread 0x0000016b73c59c00 Uncommon trap: trap_request=0xffffffd6 fr.pc=0x0000016b1dee7068 relative=0x0000000000000408
Event: 741.710 Thread 0x0000016b73c59c00 Uncommon trap: reason=array_check action=maybe_recompile pc=0x0000016b1dee7068 method=java.util.TimSort.reverseRange([Ljava/lang/Object;II)V @ 20 c2
Event: 741.710 Thread 0x0000016b73c59c00 DEOPT PACKING pc=0x0000016b1dee7068 sp=0x0000001af0dfe540
Event: 741.710 Thread 0x0000016b73c59c00 DEOPT UNPACKING pc=0x0000016b1cf03aa2 sp=0x0000001af0dfe450 mode 2
Event: 742.328 Thread 0x0000016b7450d770 Uncommon trap: trap_request=0xffffffd6 fr.pc=0x0000016b1dee7068 relative=0x0000000000000408
Event: 742.328 Thread 0x0000016b7450d770 Uncommon trap: reason=array_check action=maybe_recompile pc=0x0000016b1dee7068 method=java.util.TimSort.reverseRange([Ljava/lang/Object;II)V @ 20 c2
Event: 742.328 Thread 0x0000016b7450d770 DEOPT PACKING pc=0x0000016b1dee7068 sp=0x0000001af23fdf80
Event: 742.329 Thread 0x0000016b7450d770 DEOPT UNPACKING pc=0x0000016b1cf03aa2 sp=0x0000001af23fde90 mode 2

Classes loaded (20 events):
Event: 308.311 Loading class java/util/stream/Nodes$CollectorTask done
Event: 308.311 Loading class java/util/stream/Nodes$CollectorTask$OfRef done
Event: 308.313 Loading class java/util/function/LongFunction
Event: 308.313 Loading class java/util/function/LongFunction done
Event: 308.316 Loading class java/util/stream/Nodes$ConcNode
Event: 308.317 Loading class java/util/stream/Nodes$AbstractConcNode
Event: 308.318 Loading class java/util/stream/Nodes$AbstractConcNode done
Event: 308.318 Loading class java/util/stream/Nodes$ConcNode done
Event: 407.690 Loading class java/util/Hashtable$ValueCollection
Event: 407.692 Loading class java/util/Hashtable$ValueCollection done
Event: 408.091 Loading class java/lang/UnsupportedClassVersionError
Event: 408.091 Loading class java/lang/UnsupportedClassVersionError done
Event: 408.636 Loading class java/util/concurrent/ConcurrentHashMap$TreeNode
Event: 408.636 Loading class java/util/concurrent/ConcurrentHashMap$TreeNode done
Event: 408.636 Loading class java/util/concurrent/ConcurrentHashMap$TreeBin
Event: 408.637 Loading class java/util/concurrent/ConcurrentHashMap$TreeBin done
Event: 408.874 Loading class jdk/internal/ref/CleanerImpl$InnocuousThreadFactory
Event: 408.874 Loading class jdk/internal/ref/CleanerImpl$InnocuousThreadFactory done
Event: 426.441 Loading class sun/nio/ch/ChannelOutputStream
Event: 426.442 Loading class sun/nio/ch/ChannelOutputStream done

Classes unloaded (8 events):
Event: 7.546 Thread 0x0000016b292f40d0 Unloading class 0x0000016b2b1a9400 'java/lang/invoke/LambdaForm$MH+0x0000016b2b1a9400'
Event: 7.546 Thread 0x0000016b292f40d0 Unloading class 0x0000016b2b1a9000 'java/lang/invoke/LambdaForm$MH+0x0000016b2b1a9000'
Event: 7.546 Thread 0x0000016b292f40d0 Unloading class 0x0000016b2b1a8c00 'java/lang/invoke/LambdaForm$MH+0x0000016b2b1a8c00'
Event: 7.546 Thread 0x0000016b292f40d0 Unloading class 0x0000016b2b1a8800 'java/lang/invoke/LambdaForm$MH+0x0000016b2b1a8800'
Event: 7.546 Thread 0x0000016b292f40d0 Unloading class 0x0000016b2b1a8400 'java/lang/invoke/LambdaForm$BMH+0x0000016b2b1a8400'
Event: 7.546 Thread 0x0000016b292f40d0 Unloading class 0x0000016b2b1a8000 'java/lang/invoke/LambdaForm$DMH+0x0000016b2b1a8000'
Event: 7.546 Thread 0x0000016b292f40d0 Unloading class 0x0000016b2b1a6c00 'java/lang/invoke/LambdaForm$DMH+0x0000016b2b1a6c00'
Event: 19.770 Thread 0x0000016b292f40d0 Unloading class 0x0000016b2b619000 'java/lang/invoke/LambdaForm$DMH+0x0000016b2b619000'

Classes redefined (0 events):
No events

Internal exceptions (20 events):
Event: 427.759 Thread 0x0000016b74505100 Exception <a 'sun/nio/fs/WindowsException'{0x00000000d5c4d670}> (0x00000000d5c4d670) 
thrown [s\src\hotspot\share\prims\jni.cpp, line 520]
Event: 427.760 Thread 0x0000016b74501c80 Exception <a 'sun/nio/fs/WindowsException'{0x00000000d5c55fe8}> (0x00000000d5c55fe8) 
thrown [s\src\hotspot\share\prims\jni.cpp, line 520]
Event: 427.766 Thread 0x0000016b73c59c00 Exception <a 'sun/nio/fs/WindowsException'{0x00000000d5e8f198}> (0x00000000d5e8f198) 
thrown [s\src\hotspot\share\prims\jni.cpp, line 520]
Event: 427.767 Thread 0x0000016b74505100 Exception <a 'sun/nio/fs/WindowsException'{0x00000000d5c4ed98}> (0x00000000d5c4ed98) 
thrown [s\src\hotspot\share\prims\jni.cpp, line 520]
Event: 427.767 Thread 0x0000016b744ffbb0 Exception <a 'sun/nio/fs/WindowsException'{0x00000000d5ca0548}> (0x00000000d5ca0548) 
thrown [s\src\hotspot\share\prims\jni.cpp, line 520]
Event: 427.767 Thread 0x0000016b74501c80 Exception <a 'sun/nio/fs/WindowsException'{0x00000000d5c577a8}> (0x00000000d5c577a8) 
thrown [s\src\hotspot\share\prims\jni.cpp, line 520]
Event: 427.792 Thread 0x0000016b7450f840 Exception <a 'sun/nio/fs/WindowsException'{0x00000000d5eedc80}> (0x00000000d5eedc80) 
thrown [s\src\hotspot\share\prims\jni.cpp, line 520]
Event: 427.792 Thread 0x0000016b71e80e60 Exception <a 'sun/nio/fs/WindowsException'{0x00000000d5ef3d40}> (0x00000000d5ef3d40) 
thrown [s\src\hotspot\share\prims\jni.cpp, line 520]
Event: 427.793 Thread 0x0000016b740c6cd0 Exception <a 'sun/nio/fs/WindowsException'{0x00000000d5d29da0}> (0x00000000d5d29da0) 
thrown [s\src\hotspot\share\prims\jni.cpp, line 520]
Event: 427.793 Thread 0x0000016b740c4c00 Exception <a 'sun/nio/fs/WindowsException'{0x00000000d5d35e48}> (0x00000000d5d35e48) 
thrown [s\src\hotspot\share\prims\jni.cpp, line 520]
Event: 427.793 Thread 0x0000016b740c31c0 Exception <a 'sun/nio/fs/WindowsException'{0x00000000d5d2ffa0}> (0x00000000d5d2ffa0) 
thrown [s\src\hotspot\share\prims\jni.cpp, line 520]
Event: 427.793 Thread 0x0000016b740c8da0 Exception <a 'sun/nio/fs/WindowsException'{0x00000000d5d3c010}> (0x00000000d5d3c010) 
thrown [s\src\hotspot\share\prims\jni.cpp, line 520]
Event: 427.793 Thread 0x0000016b740c8080 Exception <a 'sun/nio/fs/WindowsException'{0x00000000d5d23e90}> (0x00000000d5d23e90) 
thrown [s\src\hotspot\share\prims\jni.cpp, line 520]
Event: 427.793 Thread 0x0000016b740c4570 Exception <a 'sun/nio/fs/WindowsException'{0x00000000d5d42158}> (0x00000000d5d42158) 
thrown [s\src\hotspot\share\prims\jni.cpp, line 520]
Event: 427.793 Thread 0x0000016b71e80140 Exception <a 'sun/nio/fs/WindowsException'{0x00000000d5d542b8}> (0x00000000d5d542b8) 
thrown [s\src\hotspot\share\prims\jni.cpp, line 520]
Event: 427.793 Thread 0x0000016b740ca150 Exception <a 'sun/nio/fs/WindowsException'{0x00000000d5d4e258}> (0x00000000d5d4e258) 
thrown [s\src\hotspot\share\prims\jni.cpp, line 520]
Event: 427.793 Thread 0x0000016b740c79f0 Exception <a 'sun/nio/fs/WindowsException'{0x00000000d5d48208}> (0x00000000d5d48208) 
thrown [s\src\hotspot\share\prims\jni.cpp, line 520]
Event: 427.793 Thread 0x0000016b71e7e700 Exception <a 'sun/nio/fs/WindowsException'{0x00000000d5d5a418}> (0x00000000d5d5a418) 
thrown [s\src\hotspot\share\prims\jni.cpp, line 520]
Event: 427.795 Thread 0x0000016b73c59c00 Exception <a 'sun/nio/fs/WindowsException'{0x00000000d5ee7f08}> (0x00000000d5ee7f08) 
thrown [s\src\hotspot\share\prims\jni.cpp, line 520]
Event: 427.795 Thread 0x0000016b73c59c00 Exception <a 'sun/nio/fs/WindowsException'{0x00000000d5ee8548}> (0x00000000d5ee8548) 
thrown [s\src\hotspot\share\prims\jni.cpp, line 520]

ZGC Phase Switch (0 events):
No events

VM Operations (20 events):
Event: 5530.962 Executing non-safepoint VM operation: HandshakeAllThreads (HandshakeForDeflation)
Event: 5530.963 Executing non-safepoint VM operation: HandshakeAllThreads (HandshakeForDeflation) done
Event: 5530.963 Executing non-safepoint VM operation: RendezvousGCThreads
Event: 5530.963 Executing non-safepoint VM operation: RendezvousGCThreads done
Event: 6201.138 Executing non-safepoint VM operation: HandshakeAllThreads (HandshakeForDeflation)
Event: 6201.138 Executing non-safepoint VM operation: HandshakeAllThreads (HandshakeForDeflation) done
Event: 6201.138 Executing non-safepoint VM operation: RendezvousGCThreads
Event: 6201.138 Executing non-safepoint VM operation: RendezvousGCThreads done
Event: 6261.314 Executing non-safepoint VM operation: HandshakeAllThreads (HandshakeForDeflation)
Event: 6261.314 Executing non-safepoint VM operation: HandshakeAllThreads (HandshakeForDeflation) done
Event: 6261.314 Executing non-safepoint VM operation: RendezvousGCThreads
Event: 6261.314 Executing non-safepoint VM operation: RendezvousGCThreads done
Event: 6381.668 Executing non-safepoint VM operation: HandshakeAllThreads (HandshakeForDeflation)
Event: 6381.675 Executing non-safepoint VM operation: HandshakeAllThreads (HandshakeForDeflation) done
Event: 6381.676 Executing non-safepoint VM operation: RendezvousGCThreads
Event: 6381.676 Executing non-safepoint VM operation: RendezvousGCThreads done
Event: 6561.957 Executing non-safepoint VM operation: HandshakeAllThreads (HandshakeForDeflation)
Event: 6561.957 Executing non-safepoint VM operation: HandshakeAllThreads (HandshakeForDeflation) done
Event: 6561.957 Executing non-safepoint VM operation: RendezvousGCThreads
Event: 6561.957 Executing non-safepoint VM operation: RendezvousGCThreads done

Memory protections (0 events):
No events

Nmethod flushes (20 events):
Event: 19.799 Thread 0x0000016b292f40d0 flushing  nmethod 0x0000016b163a9210
Event: 19.799 Thread 0x0000016b292f40d0 flushing  nmethod 0x0000016b163c8c10
Event: 19.799 Thread 0x0000016b292f40d0 flushing  nmethod 0x0000016b163d2190
Event: 19.799 Thread 0x0000016b292f40d0 flushing  nmethod 0x0000016b163d2710
Event: 19.799 Thread 0x0000016b292f40d0 flushing  nmethod 0x0000016b163eb390
Event: 19.799 Thread 0x0000016b292f40d0 flushing  nmethod 0x0000016b16447690
Event: 19.799 Thread 0x0000016b292f40d0 flushing  nmethod 0x0000016b1644dc90
Event: 19.799 Thread 0x0000016b292f40d0 flushing  nmethod 0x0000016b1644f410
Event: 19.799 Thread 0x0000016b292f40d0 flushing  nmethod 0x0000016b16450390
Event: 19.799 Thread 0x0000016b292f40d0 flushing  nmethod 0x0000016b1645da10
Event: 19.799 Thread 0x0000016b292f40d0 flushing  nmethod 0x0000016b16468390
Event: 19.799 Thread 0x0000016b292f40d0 flushing  nmethod 0x0000016b164a6890
Event: 19.799 Thread 0x0000016b292f40d0 flushing  nmethod 0x0000016b164a6e90
Event: 19.799 Thread 0x0000016b292f40d0 flushing  nmethod 0x0000016b164a7d90
Event: 19.799 Thread 0x0000016b292f40d0 flushing  nmethod 0x0000016b164a8610
Event: 19.799 Thread 0x0000016b292f40d0 flushing  nmethod 0x0000016b164a8c10
Event: 19.799 Thread 0x0000016b292f40d0 flushing  nmethod 0x0000016b164b5690
Event: 19.799 Thread 0x0000016b292f40d0 flushing  nmethod 0x0000016b164c1a10
Event: 19.799 Thread 0x0000016b292f40d0 flushing  nmethod 0x0000016b164cb610
Event: 19.799 Thread 0x0000016b292f40d0 flushing  nmethod 0x0000016b164fce10

Events (20 events):
Event: 727.811 Thread 0x0000016b740c79f0 Thread exited: 0x0000016b740c79f0
Event: 727.812 Thread 0x0000016b74503d50 Thread exited: 0x0000016b74503d50
Event: 731.391 Thread 0x0000016b73f5a6a0 Thread exited: 0x0000016b73f5a6a0
Event: 739.677 Thread 0x0000016b74503030 Thread exited: 0x0000016b74503030
Event: 787.822 Thread 0x0000016b745036c0 Thread exited: 0x0000016b745036c0
Event: 799.684 Thread 0x0000016b745008d0 Thread exited: 0x0000016b745008d0
Event: 847.833 Thread 0x0000016b745015f0 Thread exited: 0x0000016b745015f0
Event: 859.704 Thread 0x0000016b740ca7e0 Thread exited: 0x0000016b740ca7e0
Event: 907.837 Thread 0x0000016b744fee90 Thread exited: 0x0000016b744fee90
Event: 919.720 Thread 0x0000016b74505790 Thread exited: 0x0000016b74505790
Event: 967.850 Thread 0x0000016b745029a0 Thread exited: 0x0000016b745029a0
Event: 979.735 Thread 0x0000016b740c9ac0 Thread exited: 0x0000016b740c9ac0
Event: 1027.850 Thread 0x0000016b74500240 Thread exited: 0x0000016b74500240
Event: 1031.204 Thread 0x0000016b73c59c00 Thread added: 0x0000016b7450f1b0
Event: 1031.213 Thread 0x0000016b7450f1b0 Thread exited: 0x0000016b7450f1b0
Event: 1031.227 Thread 0x0000016b73c59c00 Thread added: 0x0000016b7450f1b0
Event: 1031.230 Thread 0x0000016b7450f1b0 Thread exited: 0x0000016b7450f1b0
Event: 1087.852 Thread 0x0000016b745043e0 Thread exited: 0x0000016b745043e0
Event: 1855.306 Thread 0x0000016b74510bf0 Thread added: 0x0000016b7450eb20
Event: 1973.814 Thread 0x0000016b7450eb20 Thread exited: 0x0000016b7450eb20


Dynamic libraries:
0x00007ff6c8800000 - 0x00007ff6c880e000 	c:\Users\guilherme\.vscode\extensions\redhat.java-1.53.0-win32-x64\jre\21.0.10-win32-x86_64\bin\java.exe
0x00007ffa978f0000 - 0x00007ffa97ae8000 	C:\Windows\SYSTEM32\ntdll.dll
0x00007ffa96ff0000 - 0x00007ffa970b2000 	C:\Windows\System32\KERNEL32.DLL
0x00007ffa95610000 - 0x00007ffa95906000 	C:\Windows\System32\KERNELBASE.dll
0x00007ffa95230000 - 0x00007ffa95330000 	C:\Windows\System32\ucrtbase.dll
0x00007ffa7e9d0000 - 0x00007ffa7e9e8000 	c:\Users\guilherme\.vscode\extensions\redhat.java-1.53.0-win32-x64\jre\21.0.10-win32-x86_64\bin\jli.dll
0x00007ffa8f2b0000 - 0x00007ffa8f2ce000 	c:\Users\guilherme\.vscode\extensions\redhat.java-1.53.0-win32-x64\jre\21.0.10-win32-x86_64\bin\VCRUNTIME140.dll
0x00007ffa972b0000 - 0x00007ffa97451000 	C:\Windows\System32\USER32.dll
0x00007ffa955e0000 - 0x00007ffa95602000 	C:\Windows\System32\win32u.dll
0x00007ffa84140000 - 0x00007ffa843db000 	C:\Windows\WinSxS\amd64_microsoft.windows.common-controls_6595b64144ccf1df_6.0.19041.6456_none_60b8a6cb71f64256\COMCTL32.dll
0x00007ffa95fd0000 - 0x00007ffa95ffb000 	C:\Windows\System32\GDI32.dll
0x00007ffa96000000 - 0x00007ffa9609e000 	C:\Windows\System32\msvcrt.dll
0x00007ffa95330000 - 0x00007ffa95449000 	C:\Windows\System32\gdi32full.dll
0x00007ffa94f80000 - 0x00007ffa9501d000 	C:\Windows\System32\msvcp_win.dll
0x00007ffa95d90000 - 0x00007ffa95dbf000 	C:\Windows\System32\IMM32.DLL
0x00007ffa91640000 - 0x00007ffa9164c000 	c:\Users\guilherme\.vscode\extensions\redhat.java-1.53.0-win32-x64\jre\21.0.10-win32-x86_64\bin\vcruntime140_1.dll
0x00007ffa65dd0000 - 0x00007ffa65e5d000 	c:\Users\guilherme\.vscode\extensions\redhat.java-1.53.0-win32-x64\jre\21.0.10-win32-x86_64\bin\msvcp140.dll
0x00007ffa10230000 - 0x00007ffa10fd1000 	c:\Users\guilherme\.vscode\extensions\redhat.java-1.53.0-win32-x64\jre\21.0.10-win32-x86_64\bin\server\jvm.dll
0x00007ffa959e0000 - 0x00007ffa95a91000 	C:\Windows\System32\ADVAPI32.dll
0x00007ffa960a0000 - 0x00007ffa9613f000 	C:\Windows\System32\sechost.dll
0x00007ffa96ed0000 - 0x00007ffa96ff0000 	C:\Windows\System32\RPCRT4.dll
0x00007ffa954d0000 - 0x00007ffa954f7000 	C:\Windows\System32\bcrypt.dll
0x00007ffa96930000 - 0x00007ffa9699b000 	C:\Windows\System32\WS2_32.dll
0x00007ffa94d30000 - 0x00007ffa94d7b000 	C:\Windows\SYSTEM32\POWRPROF.dll
0x00007ffa8af00000 - 0x00007ffa8af27000 	C:\Windows\SYSTEM32\WINMM.dll
0x00007ffa8d500000 - 0x00007ffa8d50a000 	C:\Windows\SYSTEM32\VERSION.dll
0x00007ffa94d10000 - 0x00007ffa94d22000 	C:\Windows\SYSTEM32\UMPDC.dll
0x00007ffa92db0000 - 0x00007ffa92dc2000 	C:\Windows\SYSTEM32\kernel.appcore.dll
0x00007ffa91630000 - 0x00007ffa9163a000 	c:\Users\guilherme\.vscode\extensions\redhat.java-1.53.0-win32-x64\jre\21.0.10-win32-x86_64\bin\jimage.dll
0x00007ffa8e2e0000 - 0x00007ffa8e4e1000 	C:\Windows\SYSTEM32\DBGHELP.DLL
0x00007ffa7f8b0000 - 0x00007ffa7f8e4000 	C:\Windows\SYSTEM32\dbgcore.DLL
0x00007ffa95500000 - 0x00007ffa95582000 	C:\Windows\System32\bcryptPrimitives.dll
0x00007ffa91600000 - 0x00007ffa9160f000 	c:\Users\guilherme\.vscode\extensions\redhat.java-1.53.0-win32-x64\jre\21.0.10-win32-x86_64\bin\instrument.dll
0x00007ffa7fc40000 - 0x00007ffa7fc60000 	c:\Users\guilherme\.vscode\extensions\redhat.java-1.53.0-win32-x64\jre\21.0.10-win32-x86_64\bin\java.dll
0x00007ffa96140000 - 0x00007ffa968b0000 	C:\Windows\System32\SHELL32.dll
0x00007ffa92fb0000 - 0x00007ffa93755000 	C:\Windows\SYSTEM32\windows.storage.dll
0x00007ffa97550000 - 0x00007ffa978a4000 	C:\Windows\System32\combase.dll
0x00007ffa948d0000 - 0x00007ffa948fb000 	C:\Windows\SYSTEM32\Wldp.dll
0x00007ffa95910000 - 0x00007ffa959dd000 	C:\Windows\System32\OLEAUT32.dll
0x00007ffa97180000 - 0x00007ffa9722d000 	C:\Windows\System32\SHCORE.dll
0x00007ffa970c0000 - 0x00007ffa9711b000 	C:\Windows\System32\shlwapi.dll
0x00007ffa94eb0000 - 0x00007ffa94ed4000 	C:\Windows\SYSTEM32\profapi.dll
0x00007ffa7ac40000 - 0x00007ffa7ac58000 	c:\Users\guilherme\.vscode\extensions\redhat.java-1.53.0-win32-x64\jre\21.0.10-win32-x86_64\bin\zip.dll
0x00007ffa91590000 - 0x00007ffa915a0000 	C:\Users\guilherme\.vscode\extensions\redhat.java-1.53.0-win32-x64\jre\21.0.10-win32-x86_64\bin\net.dll
0x00007ffa8d590000 - 0x00007ffa8d69a000 	C:\Windows\SYSTEM32\WINHTTP.dll
0x00007ffa94630000 - 0x00007ffa9469a000 	C:\Windows\system32\mswsock.dll
0x00007ffa7fc20000 - 0x00007ffa7fc36000 	C:\Users\guilherme\.vscode\extensions\redhat.java-1.53.0-win32-x64\jre\21.0.10-win32-x86_64\bin\nio.dll
0x00007ffa8f320000 - 0x00007ffa8f330000 	c:\Users\guilherme\.vscode\extensions\redhat.java-1.53.0-win32-x64\jre\21.0.10-win32-x86_64\bin\verify.dll
0x00007ffa7ab40000 - 0x00007ffa7ab85000 	C:\Users\guilherme\AppData\Roaming\Code\User\globalStorage\redhat.java\1.53.0\config_win\org.eclipse.equinox.launcher\org.eclipse.equinox.launcher.win32.win32.x86_64_1.3.0.v20260203-2149\eclipse_11919.dll
0x00007ffa95aa0000 - 0x00007ffa95bcb000 	C:\Windows\System32\ole32.dll
0x00007ffa94820000 - 0x00007ffa94838000 	C:\Windows\SYSTEM32\CRYPTSP.dll
0x00007ffa93f20000 - 0x00007ffa93f58000 	C:\Windows\system32\rsaenh.dll
0x00007ffa94e30000 - 0x00007ffa94e5e000 	C:\Windows\SYSTEM32\USERENV.dll
0x00007ffa94840000 - 0x00007ffa9484c000 	C:\Windows\SYSTEM32\CRYPTBASE.dll
0x00007ffa94310000 - 0x00007ffa9434b000 	C:\Windows\SYSTEM32\IPHLPAPI.DLL
0x00007ffa96a50000 - 0x00007ffa96a58000 	C:\Windows\System32\NSI.dll
0x00007ffa5d7a0000 - 0x00007ffa5d7e9000 	C:\Users\guilherme\AppData\Local\Temp\jna--1844114564\jna1297828516886207749.dll
0x00007ffa97460000 - 0x00007ffa97468000 	C:\Windows\System32\PSAPI.DLL
0x00007ffa8df80000 - 0x00007ffa8df97000 	C:\Windows\SYSTEM32\dhcpcsvc6.DLL
0x00007ffa8df30000 - 0x00007ffa8df4d000 	C:\Windows\SYSTEM32\dhcpcsvc.DLL
0x00007ffa8b1d0000 - 0x00007ffa8b1de000 	C:\Users\guilherme\.vscode\extensions\redhat.java-1.53.0-win32-x64\jre\21.0.10-win32-x86_64\bin\sunmscapi.dll
0x00007ffa95020000 - 0x00007ffa9517d000 	C:\Windows\System32\CRYPT32.dll
0x00007ffa94940000 - 0x00007ffa94967000 	C:\Windows\SYSTEM32\ncrypt.dll
0x00007ffa94900000 - 0x00007ffa9493b000 	C:\Windows\SYSTEM32\NTASN1.dll
0x00007ffa94350000 - 0x00007ffa9441a000 	C:\Windows\SYSTEM32\DNSAPI.dll
0x00007ffa8eea0000 - 0x00007ffa8eeaa000 	C:\Windows\System32\rasadhlp.dll
0x00007ffa8b300000 - 0x00007ffa8b380000 	C:\Windows\System32\fwpuclnt.dll
0x00007ffa887e0000 - 0x00007ffa887e9000 	C:\Users\guilherme\.vscode\extensions\redhat.java-1.53.0-win32-x64\jre\21.0.10-win32-x86_64\bin\extnet.dll

JVMTI agents:
c:\Users\guilherme\.vscode\extensions\redhat.java-1.53.0-win32-x64\lombok\lombok-1.18.39-4050.jar path:c:\Users\guilherme\.vscode\extensions\redhat.java-1.53.0-win32-x64\jre\21.0.10-win32-x86_64\bin\instrument.dll, loaded, initialized, instrumentlib options:none

dbghelp: loaded successfully - version: 4.0.5 - missing functions: none
symbol engine: initialized successfully - sym options: 0x614 - pdb path: .;c:\Users\guilherme\.vscode\extensions\redhat.java-1.53.0-win32-x64\jre\21.0.10-win32-x86_64\bin;C:\Windows\SYSTEM32;C:\Windows\WinSxS\amd64_microsoft.windows.common-controls_6595b64144ccf1df_6.0.19041.6456_none_60b8a6cb71f64256;c:\Users\guilherme\.vscode\extensions\redhat.java-1.53.0-win32-x64\jre\21.0.10-win32-x86_64\bin\server;C:\Users\guilherme\AppData\Roaming\Code\User\globalStorage\redhat.java\1.53.0\config_win\org.eclipse.equinox.launcher\org.eclipse.equinox.launcher.win32.win32.x86_64_1.3.0.v20260203-2149;C:\Users\guilherme\AppData\Local\Temp\jna--1844114564

VM Arguments:
jvm_args: --add-modules=ALL-SYSTEM --add-opens=java.base/java.util=ALL-UNNAMED --add-opens=java.base/java.lang=ALL-UNNAMED --add-opens=java.base/sun.nio.fs=ALL-UNNAMED -Declipse.application=org.eclipse.jdt.ls.core.id1 -Dosgi.bundles.defaultStartLevel=4 -Declipse.product=org.eclipse.jdt.ls.core.product -Djava.import.generatesMetadataFilesAtProjectRoot=false -DDetectVMInstallationsJob.disabled=true -Dfile.encoding=utf8 -XX:+UseParallelGC -XX:GCTimeRatio=4 -XX:AdaptiveSizePolicyWeight=90 -Dsun.zip.disableMemoryMapping=true -Xmx2G -Xms100m -Xlog:disable -javaagent:c:\Users\guilherme\.vscode\extensions\redhat.java-1.53.0-win32-x64\lombok\lombok-1.18.39-4050.jar -XX:+HeapDumpOnOutOfMemoryError -XX:HeapDumpPath=c:\Users\guilherme\AppData\Roaming\Code\User\workspaceStorage\ccfd39b12d459b9965abcdbe49a65d68\redhat.java -Daether.dependencyCollector.impl=bf 
java_command: c:\Users\guilherme\.vscode\extensions\redhat.java-1.53.0-win32-x64\server\plugins\org.eclipse.equinox.launcher_1.7.100.v20251111-0406.jar -configuration c:\Users\guilherme\AppData\Roaming\Code\User\globalStorage\redhat.java\1.53.0\config_win -data c:\Users\guilherme\AppData\Roaming\Code\User\workspaceStorage\ccfd39b12d459b9965abcdbe49a65d68\redhat.java\jdt_ws --pipe=\\.\pipe\lsp-61c0119db2c95209264d47d1148a0fff-sock
java_class_path (initial): c:\Users\guilherme\.vscode\extensions\redhat.java-1.53.0-win32-x64\server\plugins\org.eclipse.equinox.launcher_1.7.100.v20251111-0406.jar
Launcher Type: SUN_STANDARD

[Global flags]
    uintx AdaptiveSizePolicyWeight                 = 90                                        {product} {command line}
     intx CICompilerCount                          = 12                                        {product} {ergonomic}
    uintx GCTimeRatio                              = 4                                         {product} {command line}
     bool HeapDumpOnOutOfMemoryError               = true                                   {manageable} {command line}
    ccstr HeapDumpPath                             = c:\Users\guilherme\AppData\Roaming\Code\User\workspaceStorage\ccfd39b12d459b9965abcdbe49a65d68\redhat.java         {manageable} {command line}
   size_t InitialHeapSize                          = 104857600                                 {product} {command line}
   size_t MaxHeapSize                              = 2147483648                                {product} {command line}
   size_t MaxNewSize                               = 715653120                                 {product} {ergonomic}
   size_t MinHeapDeltaBytes                        = 524288                                    {product} {ergonomic}
   size_t MinHeapSize                              = 104857600                                 {product} {command line}
   size_t NewSize                                  = 34603008                                  {product} {ergonomic}
    uintx NonNMethodCodeHeapSize                   = 7602480                                {pd product} {ergonomic}
    uintx NonProfiledCodeHeapSize                  = 122027880                              {pd product} {ergonomic}
   size_t OldSize                                  = 70254592                                  {product} {ergonomic}
    uintx ProfiledCodeHeapSize                     = 122027880                              {pd product} {ergonomic}
    uintx ReservedCodeCacheSize                    = 251658240                              {pd product} {ergonomic}
     bool SegmentedCodeCache                       = true                                      {product} {ergonomic}
   size_t SoftMaxHeapSize                          = 2147483648                             {manageable} {ergonomic}
     bool UseCompressedOops                        = true                           {product lp64_product} {ergonomic}
     bool UseLargePagesIndividualAllocation        = false                                  {pd product} {ergonomic}
     bool UseParallelGC                            = true                                      {product} {command line}

Logging:
Log output configuration:
 #0: stdout all=off uptime,level,tags foldmultilines=false
 #1: stderr all=off uptime,level,tags foldmultilines=false

Release file:
JAVA_VERSION="21.0.10" 
MODULES="java.base java.compiler java.datatransfer java.xml java.prefs java.desktop java.instrument java.logging java.management java.security.sasl java.naming java.rmi java.management.rmi java.net.http java.scripting java.security.jgss java.transaction.xa java.sql java.sql.rowset java.xml.crypto java.se java.smartcardio jdk.accessibility jdk.internal.jvmstat jdk.attach jdk.charsets jdk.internal.opt jdk.zipfs jdk.compiler jdk.crypto.ec jdk.crypto.cryptoki jdk.crypto.mscapi jdk.dynalink jdk.internal.ed jdk.editpad jdk.hotspot.agent jdk.httpserver jdk.internal.le jdk.internal.vm.ci jdk.internal.vm.compiler jdk.internal.vm.compiler.management jdk.jartool jdk.javadoc jdk.jcmd jdk.management jdk.management.agent jdk.jconsole jdk.jdeps jdk.jdwp.agent jdk.jdi jdk.jfr jdk.jshell jdk.jsobject jdk.jstatd jdk.localedata jdk.management.jfr jdk.naming.dns jdk.naming.rmi jdk.net jdk.nio.mapmode jdk.random jdk.sctp jdk.security.auth jdk.security.jgss jdk.unsupported jdk.unsupported.desktop jdk.xml.dom" 

Environment Variables:
JAVA_HOME=C:\Program Files\Java\jdk-24.0.2
PATH=C:\Users\guilherme\bin;C:\Program Files\Git\mingw64\bin;C:\Program Files\Git\usr\local\bin;C:\Program Files\Git\usr\bin;C:\Program Files\Git\usr\bin;C:\Program Files\Git\mingw64\bin;C:\Program Files\Git\usr\bin;C:\Users\guilherme\bin;C:\Program Files (x86)\Common Files\Oracle\Java\java8path;C:\Program Files (x86)\Common Files\Oracle\Java\javapath;C:\Windows\system32;C:\Windows;C:\Windows\System32\Wbem;C:\Windows\System32\WindowsPowerShell\v1.0;C:\Windows\System32\OpenSSH;C:\Program Files\Git\cmd;C:\Program Files\Cloudflare\Cloudflare WARP;C:\Program Files\Docker\Docker\resources\bin;C:\apache-maven-3.9.11\bin;C:\Program Files\Java\jdk-24.0.2\bin;%NVM_HOME%;%NVM_SYMLINK%;C:\Users\guilherme\AppData\Local\Microsoft\WindowsApps;C:\Users\guilherme\AppData\Local\Programs\Microsoft VS Code\bin;C:\Users\guilherme\AppData\Roaming\npm;C:\Users\guilherme\AppData\Local\JetBrains\Toolbox\scripts;C:\Users\guilherme\AppData\Local\nvm;C:\nvm4w\nodejs;C:\Users\guilherme\AppData\Local\Programs\cursor\resources\app\bin;C:\Program Files\Git\usr\bin\vendor_perl;C:\Program Files\Git\usr\bin\core_perl
USERNAME=guilherme
SHELL=C:\Program Files\Git\usr\bin\bash.exe
DISPLAY=needs-to-be-defined
LC_CTYPE=en_US.UTF-8
TERM=xterm
TMPDIR=C:\Users\GUILHE~1\AppData\Local\Temp
OS=Windows_NT
PROCESSOR_IDENTIFIER=AMD64 Family 23 Model 104 Stepping 1, AuthenticAMD
TMP=C:\Users\GUILHE~1\AppData\Local\Temp
TEMP=C:\Users\GUILHE~1\AppData\Local\Temp




Periodic native trim disabled

---------------  S Y S T E M  ---------------

OS:
 Windows 10 , 64 bit Build 19041 (10.0.19041.5915)
OS uptime: 2 days 23:18 hours
Hyper-V role detected

CPU: total 16 (initial active 16) (16 cores per cpu, 2 threads per core) family 23 model 104 stepping 1 microcode 0x0, cx8, cmov, fxsr, ht, mmx, 3dnowpref, sse, sse2, sse3, ssse3, sse4a, sse4.1, sse4.2, popcnt, lzcnt, tsc, tscinvbit, avx, avx2, aes, clmul, bmi1, bmi2, adx, sha, fma, vzeroupper, clflush, clflushopt, hv, rdtscp, rdpid, f16c
Processor Information for the first 16 processors :
  Max Mhz: 1801, Current Mhz: 1440, Mhz Limit: 1801

Memory: 4k page, system-wide physical 7530M (186M free)
TotalPageFile size 31082M (AvailPageFile size 232M)
current process WorkingSet (physical memory assigned to process): 8M, peak: 392M
current process commit charge ("private bytes"): 502M, peak: 521M

vm_info: OpenJDK 64-Bit Server VM (21.0.10+7-LTS) for windows-amd64 JRE (21.0.10+7-LTS), built on 2026-01-20T00:00:00Z by "admin" with MS VC++ 17.12 (VS2022)

END.
